22:47:35.534 [main] INFO  testCases.TC_002_NewsPageTest - ********* TC_002_verifyToolTip ***********
22:47:40.930 [main] INFO  testCases.TC_002_NewsPageTest - ********* TC_003_verifyHoverAuthorDetails *********
22:47:46.298 [main] INFO  testCases.TC_002_NewsPageTest - ********* TC_004_shareOptions *********
22:48:02.080 [main] INFO  testCases.TC_002_NewsPageTest - ********* TC_005_verifyNewsLetterLink Display*********
22:48:07.416 [main] INFO  testCases.TC_002_NewsPageTest - ********* TC_006_verifyLikes Display *********
22:48:07.914 [main] INFO  testCases.TC_002_NewsPageTest - ********* TC_007_verifyViews Display *********
22:48:14.679 [main] INFO  testCases.TC_002_NewsPageTest - ******** News details are displayed successfully ******
22:48:15.223 [main] INFO  testCases.TC_002_NewsPageTest - ********* TC_002_verifyToolTip ***********
22:48:20.465 [main] INFO  testCases.TC_002_NewsPageTest - ********* TC_003_verifyHoverAuthorDetails *********
22:48:25.770 [main] INFO  testCases.TC_002_NewsPageTest - ********* TC_004_shareOptions *********
22:48:41.360 [main] INFO  testCases.TC_002_NewsPageTest - ********* TC_005_verifyNewsLetterLink Display*********
22:48:46.566 [main] INFO  testCases.TC_002_NewsPageTest - ********* TC_006_verifyLikes Display *********
22:48:47.140 [main] INFO  testCases.TC_002_NewsPageTest - ********* TC_007_verifyViews Display *********
22:48:54.338 [main] INFO  testCases.TC_002_NewsPageTest - ******** News details are displayed successfully ******
22:48:54.880 [main] INFO  testCases.TC_002_NewsPageTest - ********* TC_002_verifyToolTip ***********
22:49:00.343 [main] INFO  testCases.TC_002_NewsPageTest - ********* TC_003_verifyHoverAuthorDetails *********
22:49:05.641 [main] INFO  testCases.TC_002_NewsPageTest - ********* TC_004_shareOptions *********
22:49:21.162 [main] INFO  testCases.TC_002_NewsPageTest - ********* TC_005_verifyNewsLetterLink Display*********
22:49:26.310 [main] INFO  testCases.TC_002_NewsPageTest - ********* TC_006_verifyLikes Display *********
22:49:26.792 [main] INFO  testCases.TC_002_NewsPageTest - ********* TC_007_verifyViews Display *********
22:49:39.443 [main] INFO  testCases.TC_002_NewsPageTest - ******** News details are displayed successfully ******
22:50:04.999 [main] INFO  testCases.TC_002_NewsPageTest - **** Starting TC_001_UserInfoTest  ****
22:50:24.381 [main] INFO  testCases.TC_002_NewsPageTest - **** Finish TC_001_UserInfoTest  ****
22:50:24.383 [main] INFO  testCases.TC_002_NewsPageTest - *********   TC_001_Feature news page is display     ************* 
22:50:24.764 [main] INFO  testCases.TC_002_NewsPageTest - ********* TC_001_Feature news displyed successfully   ********
22:50:25.525 [main] INFO  testCases.TC_002_NewsPageTest - ********* TC_002_verifyToolTip ***********
22:50:30.828 [main] INFO  testCases.TC_002_NewsPageTest - ********* TC_003_verifyHoverAuthorDetails *********
22:50:36.184 [main] INFO  testCases.TC_002_NewsPageTest - ********* TC_004_shareOptions *********
22:50:51.994 [main] INFO  testCases.TC_002_NewsPageTest - ********* TC_005_verifyNewsLetterLink Display*********
22:50:57.221 [main] INFO  testCases.TC_002_NewsPageTest - ********* TC_006_verifyLikes Display *********
22:50:59.942 [main] INFO  testCases.TC_002_NewsPageTest - ********* TC_007_verifyViews Display *********
22:51:16.150 [main] INFO  testCases.TC_002_NewsPageTest - ******** News details are displayed successfully ******
22:51:16.569 [main] INFO  testCases.TC_002_NewsPageTest - ********* TC_002_verifyToolTip ***********
22:51:26.785 [main] INFO  testCases.TC_002_NewsPageTest - ********* TC_003_verifyHoverAuthorDetails *********
22:51:32.092 [main] INFO  testCases.TC_002_NewsPageTest - ********* TC_004_shareOptions *********
22:51:54.379 [main] INFO  testCases.TC_002_NewsPageTest - ********* TC_005_verifyNewsLetterLink Display*********
22:51:59.615 [main] INFO  testCases.TC_002_NewsPageTest - ********* TC_006_verifyLikes Display *********
22:52:00.139 [main] INFO  testCases.TC_002_NewsPageTest - ********* TC_007_verifyViews Display *********
22:52:07.519 [main] INFO  testCases.TC_002_NewsPageTest - ******** News details are displayed successfully ******
22:52:08.134 [main] INFO  testCases.TC_002_NewsPageTest - ********* TC_002_verifyToolTip ***********
22:52:15.152 [main] INFO  testCases.TC_002_NewsPageTest - ********* TC_003_verifyHoverAuthorDetails *********
22:52:20.449 [main] INFO  testCases.TC_002_NewsPageTest - ********* TC_004_shareOptions *********
22:52:36.071 [main] INFO  testCases.TC_002_NewsPageTest - ********* TC_005_verifyNewsLetterLink Display*********
22:52:41.364 [main] INFO  testCases.TC_002_NewsPageTest - ********* TC_006_verifyLikes Display *********
22:52:41.810 [main] INFO  testCases.TC_002_NewsPageTest - ********* TC_007_verifyViews Display *********
22:52:49.777 [main] INFO  testCases.TC_002_NewsPageTest - ******** News details are displayed successfully ******
22:52:50.288 [main] INFO  testCases.TC_002_NewsPageTest - ********* TC_002_verifyToolTip ***********
